[22-Nov-2023 11:56:03 UTC] PHP Fatal error:  Uncaught TypeError: call_user_func(): Argument #1 ($callback) must be a valid callback, non-static method Sydney_Header::logo() cannot be called statically in C:\Users\ThinKBook\Local Sites\bebesuivi\app\public\wp-includes\customize\class-wp-customize-partial.php:222
Stack trace:
#0 C:\Users\ThinKBook\Local Sites\bebesuivi\app\public\wp-includes\customize\class-wp-customize-selective-refresh.php(372): WP_Customize_Partial->render(Array)
#1 C:\Users\ThinKBook\Local Sites\bebesuivi\app\public\wp-includes\class-wp-hook.php(324): WP_Customize_Selective_Refresh->handle_render_partials_request('')
#2 C:\Users\ThinKBook\Local Sites\bebesuivi\app\public\wp-includes\class-wp-hook.php(348): WP_Hook->apply_filters(NULL, Array)
#3 C:\Users\ThinKBook\Local Sites\bebesuivi\app\public\wp-includes\plugin.php(517): WP_Hook->do_action(Array)
#4 C:\Users\ThinKBook\Local Sites\bebesuivi\app\public\wp-includes\template-loader.php(13): do_action('template_redire...')
#5 C:\Users\ThinKBook\Local Sites\bebesuivi\app\public\wp-blog-header.php(19): require_once('C:\\Users\\ThinKB...')
#6 C:\Users\ThinKBook\Local Sites\bebesuivi\app\public\index.php(17): require('C:\\Users\\ThinKB...')
#7 {main}
  thrown in C:\Users\ThinKBook\Local Sites\bebesuivi\app\public\wp-includes\customize\class-wp-customize-partial.php on line 222
[22-Nov-2023 13:08:04 UTC] PHP Fatal error:  Uncaught TypeError: call_user_func(): Argument #1 ($callback) must be a valid callback, non-static method Sydney_Header::logo() cannot be called statically in C:\Users\ThinKBook\Local Sites\bebesuivi\app\public\wp-includes\customize\class-wp-customize-partial.php:222
Stack trace:
#0 C:\Users\ThinKBook\Local Sites\bebesuivi\app\public\wp-includes\customize\class-wp-customize-selective-refresh.php(372): WP_Customize_Partial->render(Array)
#1 C:\Users\ThinKBook\Local Sites\bebesuivi\app\public\wp-includes\class-wp-hook.php(324): WP_Customize_Selective_Refresh->handle_render_partials_request('')
#2 C:\Users\ThinKBook\Local Sites\bebesuivi\app\public\wp-includes\class-wp-hook.php(348): WP_Hook->apply_filters(NULL, Array)
#3 C:\Users\ThinKBook\Local Sites\bebesuivi\app\public\wp-includes\plugin.php(517): WP_Hook->do_action(Array)
#4 C:\Users\ThinKBook\Local Sites\bebesuivi\app\public\wp-includes\template-loader.php(13): do_action('template_redire...')
#5 C:\Users\ThinKBook\Local Sites\bebesuivi\app\public\wp-blog-header.php(19): require_once('C:\\Users\\ThinKB...')
#6 C:\Users\ThinKBook\Local Sites\bebesuivi\app\public\index.php(17): require('C:\\Users\\ThinKB...')
#7 {main}
  thrown in C:\Users\ThinKBook\Local Sites\bebesuivi\app\public\wp-includes\customize\class-wp-customize-partial.php on line 222
[01-Dec-2023 13:06:02 UTC] Untitled Slider
[01-Dec-2023 13:06:32 UTC] PHP Warning:  Attempt to read property "ID" on null in C:\Users\ThinKBook\Local Sites\bebesuivi\app\public\wp-content\plugins\depicter\app\src\WordPress\ShortcodesServiceProvider.php on line 48
[01-Dec-2023 13:06:32 UTC] PHP Warning:  Attempt to read property "ID" on null in C:\Users\ThinKBook\Local Sites\bebesuivi\app\public\wp-content\plugins\depicter\app\src\WordPress\ShortcodesServiceProvider.php on line 48
[01-Dec-2023 13:06:34 UTC] PHP Warning:  Attempt to read property "ID" on null in C:\Users\ThinKBook\Local Sites\bebesuivi\app\public\wp-content\plugins\depicter\app\src\WordPress\ShortcodesServiceProvider.php on line 48
[01-Dec-2023 13:06:34 UTC] PHP Warning:  Attempt to read property "ID" on null in C:\Users\ThinKBook\Local Sites\bebesuivi\app\public\wp-content\plugins\depicter\app\src\WordPress\ShortcodesServiceProvider.php on line 48
[01-Dec-2023 13:07:23 UTC] PHP Warning:  Attempt to read property "ID" on null in C:\Users\ThinKBook\Local Sites\bebesuivi\app\public\wp-content\plugins\depicter\app\src\WordPress\ShortcodesServiceProvider.php on line 48
[01-Dec-2023 13:07:23 UTC] PHP Warning:  Attempt to read property "ID" on null in C:\Users\ThinKBook\Local Sites\bebesuivi\app\public\wp-content\plugins\depicter\app\src\WordPress\ShortcodesServiceProvider.php on line 48
[01-Dec-2023 13:07:30 UTC] PHP Warning:  Attempt to read property "ID" on null in C:\Users\ThinKBook\Local Sites\bebesuivi\app\public\wp-content\plugins\depicter\app\src\WordPress\ShortcodesServiceProvider.php on line 48
[01-Dec-2023 13:07:30 UTC] PHP Warning:  Attempt to read property "ID" on null in C:\Users\ThinKBook\Local Sites\bebesuivi\app\public\wp-content\plugins\depicter\app\src\WordPress\ShortcodesServiceProvider.php on line 48
[01-Dec-2023 13:07:33 UTC] PHP Warning:  Attempt to read property "ID" on null in C:\Users\ThinKBook\Local Sites\bebesuivi\app\public\wp-content\plugins\depicter\app\src\WordPress\ShortcodesServiceProvider.php on line 48
[01-Dec-2023 13:07:33 UTC] PHP Warning:  Attempt to read property "ID" on null in C:\Users\ThinKBook\Local Sites\bebesuivi\app\public\wp-content\plugins\depicter\app\src\WordPress\ShortcodesServiceProvider.php on line 48
[01-Dec-2023 13:07:37 UTC] PHP Warning:  Attempt to read property "ID" on null in C:\Users\ThinKBook\Local Sites\bebesuivi\app\public\wp-content\plugins\depicter\app\src\WordPress\ShortcodesServiceProvider.php on line 48
[01-Dec-2023 13:07:38 UTC] PHP Warning:  Attempt to read property "ID" on null in C:\Users\ThinKBook\Local Sites\bebesuivi\app\public\wp-content\plugins\depicter\app\src\WordPress\ShortcodesServiceProvider.php on line 48
[01-Dec-2023 13:07:46 UTC] PHP Warning:  Attempt to read property "ID" on null in C:\Users\ThinKBook\Local Sites\bebesuivi\app\public\wp-content\plugins\depicter\app\src\WordPress\ShortcodesServiceProvider.php on line 48
[01-Dec-2023 13:07:47 UTC] PHP Warning:  Attempt to read property "ID" on null in C:\Users\ThinKBook\Local Sites\bebesuivi\app\public\wp-content\plugins\depicter\app\src\WordPress\ShortcodesServiceProvider.php on line 48
[01-Dec-2023 13:07:51 UTC] PHP Warning:  Attempt to read property "ID" on null in C:\Users\ThinKBook\Local Sites\bebesuivi\app\public\wp-content\plugins\depicter\app\src\WordPress\ShortcodesServiceProvider.php on line 48
[01-Dec-2023 13:07:51 UTC] PHP Warning:  Attempt to read property "ID" on null in C:\Users\ThinKBook\Local Sites\bebesuivi\app\public\wp-content\plugins\depicter\app\src\WordPress\ShortcodesServiceProvider.php on line 48
[01-Dec-2023 13:07:58 UTC] PHP Warning:  Attempt to read property "ID" on null in C:\Users\ThinKBook\Local Sites\bebesuivi\app\public\wp-content\plugins\depicter\app\src\WordPress\ShortcodesServiceProvider.php on line 48
[01-Dec-2023 13:07:59 UTC] PHP Warning:  Attempt to read property "ID" on null in C:\Users\ThinKBook\Local Sites\bebesuivi\app\public\wp-content\plugins\depicter\app\src\WordPress\ShortcodesServiceProvider.php on line 48
[01-Dec-2023 13:09:13 UTC] PHP Warning:  Attempt to read property "ID" on null in C:\Users\ThinKBook\Local Sites\bebesuivi\app\public\wp-content\plugins\depicter\app\src\WordPress\ShortcodesServiceProvider.php on line 48
[01-Dec-2023 13:09:14 UTC] PHP Warning:  Attempt to read property "ID" on null in C:\Users\ThinKBook\Local Sites\bebesuivi\app\public\wp-content\plugins\depicter\app\src\WordPress\ShortcodesServiceProvider.php on line 48
[01-Dec-2023 13:09:41 UTC] PHP Warning:  Attempt to read property "ID" on null in C:\Users\ThinKBook\Local Sites\bebesuivi\app\public\wp-content\plugins\depicter\app\src\WordPress\ShortcodesServiceProvider.php on line 48
[01-Dec-2023 13:09:41 UTC] PHP Warning:  Attempt to read property "ID" on null in C:\Users\ThinKBook\Local Sites\bebesuivi\app\public\wp-content\plugins\depicter\app\src\WordPress\ShortcodesServiceProvider.php on line 48
[01-Dec-2023 13:09:47 UTC] PHP Warning:  Attempt to read property "ID" on null in C:\Users\ThinKBook\Local Sites\bebesuivi\app\public\wp-content\plugins\depicter\app\src\WordPress\ShortcodesServiceProvider.php on line 48
[01-Dec-2023 13:09:47 UTC] PHP Warning:  Attempt to read property "ID" on null in C:\Users\ThinKBook\Local Sites\bebesuivi\app\public\wp-content\plugins\depicter\app\src\WordPress\ShortcodesServiceProvider.php on line 48
[01-Dec-2023 13:10:13 UTC] PHP Warning:  Attempt to read property "ID" on null in C:\Users\ThinKBook\Local Sites\bebesuivi\app\public\wp-content\plugins\depicter\app\src\WordPress\ShortcodesServiceProvider.php on line 48
[01-Dec-2023 13:10:13 UTC] PHP Warning:  Attempt to read property "ID" on null in C:\Users\ThinKBook\Local Sites\bebesuivi\app\public\wp-content\plugins\depicter\app\src\WordPress\ShortcodesServiceProvider.php on line 48
[01-Dec-2023 13:10:20 UTC] PHP Warning:  Attempt to read property "ID" on null in C:\Users\ThinKBook\Local Sites\bebesuivi\app\public\wp-content\plugins\depicter\app\src\WordPress\ShortcodesServiceProvider.php on line 48
[01-Dec-2023 13:10:20 UTC] PHP Warning:  Attempt to read property "ID" on null in C:\Users\ThinKBook\Local Sites\bebesuivi\app\public\wp-content\plugins\depicter\app\src\WordPress\ShortcodesServiceProvider.php on line 48
[01-Dec-2023 13:10:24 UTC] PHP Warning:  Attempt to read property "ID" on null in C:\Users\ThinKBook\Local Sites\bebesuivi\app\public\wp-content\plugins\depicter\app\src\WordPress\ShortcodesServiceProvider.php on line 48
[01-Dec-2023 13:10:24 UTC] PHP Warning:  Attempt to read property "ID" on null in C:\Users\ThinKBook\Local Sites\bebesuivi\app\public\wp-content\plugins\depicter\app\src\WordPress\ShortcodesServiceProvider.php on line 48
[01-Dec-2023 13:11:36 UTC] PHP Warning:  Attempt to read property "ID" on null in C:\Users\ThinKBook\Local Sites\bebesuivi\app\public\wp-content\plugins\depicter\app\src\WordPress\ShortcodesServiceProvider.php on line 48
[01-Dec-2023 13:11:36 UTC] PHP Warning:  Attempt to read property "ID" on null in C:\Users\ThinKBook\Local Sites\bebesuivi\app\public\wp-content\plugins\depicter\app\src\WordPress\ShortcodesServiceProvider.php on line 48
[01-Dec-2023 13:11:42 UTC] PHP Warning:  Attempt to read property "ID" on null in C:\Users\ThinKBook\Local Sites\bebesuivi\app\public\wp-content\plugins\depicter\app\src\WordPress\ShortcodesServiceProvider.php on line 48
[01-Dec-2023 13:11:42 UTC] PHP Warning:  Attempt to read property "ID" on null in C:\Users\ThinKBook\Local Sites\bebesuivi\app\public\wp-content\plugins\depicter\app\src\WordPress\ShortcodesServiceProvider.php on line 48
[01-Dec-2023 13:11:49 UTC] PHP Warning:  Attempt to read property "ID" on null in C:\Users\ThinKBook\Local Sites\bebesuivi\app\public\wp-content\plugins\depicter\app\src\WordPress\ShortcodesServiceProvider.php on line 48
[01-Dec-2023 13:11:50 UTC] PHP Warning:  Attempt to read property "ID" on null in C:\Users\ThinKBook\Local Sites\bebesuivi\app\public\wp-content\plugins\depicter\app\src\WordPress\ShortcodesServiceProvider.php on line 48
[01-Dec-2023 13:12:06 UTC] PHP Warning:  Attempt to read property "ID" on null in C:\Users\ThinKBook\Local Sites\bebesuivi\app\public\wp-content\plugins\depicter\app\src\WordPress\ShortcodesServiceProvider.php on line 48
[01-Dec-2023 13:12:07 UTC] PHP Warning:  Attempt to read property "ID" on null in C:\Users\ThinKBook\Local Sites\bebesuivi\app\public\wp-content\plugins\depicter\app\src\WordPress\ShortcodesServiceProvider.php on line 48
[01-Dec-2023 13:15:01 UTC] Untitled Slider
[01-Dec-2023 13:16:19 UTC] PHP Warning:  Attempt to read property "ID" on null in C:\Users\ThinKBook\Local Sites\bebesuivi\app\public\wp-content\plugins\depicter\app\src\WordPress\ShortcodesServiceProvider.php on line 48
[01-Dec-2023 13:16:19 UTC] PHP Warning:  Attempt to read property "ID" on null in C:\Users\ThinKBook\Local Sites\bebesuivi\app\public\wp-content\plugins\depicter\app\src\WordPress\ShortcodesServiceProvider.php on line 48
[01-Dec-2023 13:16:21 UTC] PHP Warning:  Attempt to read property "ID" on null in C:\Users\ThinKBook\Local Sites\bebesuivi\app\public\wp-content\plugins\depicter\app\src\WordPress\ShortcodesServiceProvider.php on line 48
[01-Dec-2023 13:16:21 UTC] PHP Warning:  Attempt to read property "ID" on null in C:\Users\ThinKBook\Local Sites\bebesuivi\app\public\wp-content\plugins\depicter\app\src\WordPress\ShortcodesServiceProvider.php on line 48
[01-Dec-2023 13:16:51 UTC] PHP Warning:  Attempt to read property "ID" on null in C:\Users\ThinKBook\Local Sites\bebesuivi\app\public\wp-content\plugins\depicter\app\src\WordPress\ShortcodesServiceProvider.php on line 48
[01-Dec-2023 13:16:51 UTC] PHP Warning:  Attempt to read property "ID" on null in C:\Users\ThinKBook\Local Sites\bebesuivi\app\public\wp-content\plugins\depicter\app\src\WordPress\ShortcodesServiceProvider.php on line 48
[01-Dec-2023 13:17:04 UTC] PHP Warning:  Attempt to read property "ID" on null in C:\Users\ThinKBook\Local Sites\bebesuivi\app\public\wp-content\plugins\depicter\app\src\WordPress\ShortcodesServiceProvider.php on line 48
[01-Dec-2023 13:17:04 UTC] PHP Warning:  Attempt to read property "ID" on null in C:\Users\ThinKBook\Local Sites\bebesuivi\app\public\wp-content\plugins\depicter\app\src\WordPress\ShortcodesServiceProvider.php on line 48
[01-Dec-2023 13:17:06 UTC] PHP Warning:  Attempt to read property "ID" on null in C:\Users\ThinKBook\Local Sites\bebesuivi\app\public\wp-content\plugins\depicter\app\src\WordPress\ShortcodesServiceProvider.php on line 48
[01-Dec-2023 13:17:06 UTC] PHP Warning:  Attempt to read property "ID" on null in C:\Users\ThinKBook\Local Sites\bebesuivi\app\public\wp-content\plugins\depicter\app\src\WordPress\ShortcodesServiceProvider.php on line 48
[01-Dec-2023 13:17:12 UTC] PHP Warning:  Attempt to read property "ID" on null in C:\Users\ThinKBook\Local Sites\bebesuivi\app\public\wp-content\plugins\depicter\app\src\WordPress\ShortcodesServiceProvider.php on line 48
[01-Dec-2023 13:17:12 UTC] PHP Warning:  Attempt to read property "ID" on null in C:\Users\ThinKBook\Local Sites\bebesuivi\app\public\wp-content\plugins\depicter\app\src\WordPress\ShortcodesServiceProvider.php on line 48
[01-Dec-2023 13:17:20 UTC] PHP Warning:  Attempt to read property "ID" on null in C:\Users\ThinKBook\Local Sites\bebesuivi\app\public\wp-content\plugins\depicter\app\src\WordPress\ShortcodesServiceProvider.php on line 48
[01-Dec-2023 13:17:20 UTC] PHP Warning:  Attempt to read property "ID" on null in C:\Users\ThinKBook\Local Sites\bebesuivi\app\public\wp-content\plugins\depicter\app\src\WordPress\ShortcodesServiceProvider.php on line 48
[01-Dec-2023 13:17:33 UTC] PHP Warning:  Attempt to read property "ID" on null in C:\Users\ThinKBook\Local Sites\bebesuivi\app\public\wp-content\plugins\depicter\app\src\WordPress\ShortcodesServiceProvider.php on line 48
[01-Dec-2023 13:17:34 UTC] PHP Warning:  Attempt to read property "ID" on null in C:\Users\ThinKBook\Local Sites\bebesuivi\app\public\wp-content\plugins\depicter\app\src\WordPress\ShortcodesServiceProvider.php on line 48
[01-Dec-2023 13:17:40 UTC] PHP Warning:  Attempt to read property "ID" on null in C:\Users\ThinKBook\Local Sites\bebesuivi\app\public\wp-content\plugins\depicter\app\src\WordPress\ShortcodesServiceProvider.php on line 48
[01-Dec-2023 13:17:40 UTC] PHP Warning:  Attempt to read property "ID" on null in C:\Users\ThinKBook\Local Sites\bebesuivi\app\public\wp-content\plugins\depicter\app\src\WordPress\ShortcodesServiceProvider.php on line 48
[01-Dec-2023 13:17:51 UTC] PHP Warning:  Attempt to read property "ID" on null in C:\Users\ThinKBook\Local Sites\bebesuivi\app\public\wp-content\plugins\depicter\app\src\WordPress\ShortcodesServiceProvider.php on line 48
[01-Dec-2023 13:17:52 UTC] PHP Warning:  Attempt to read property "ID" on null in C:\Users\ThinKBook\Local Sites\bebesuivi\app\public\wp-content\plugins\depicter\app\src\WordPress\ShortcodesServiceProvider.php on line 48
[01-Dec-2023 13:17:54 UTC] PHP Warning:  Attempt to read property "ID" on null in C:\Users\ThinKBook\Local Sites\bebesuivi\app\public\wp-content\plugins\depicter\app\src\WordPress\ShortcodesServiceProvider.php on line 48
[01-Dec-2023 13:17:55 UTC] PHP Warning:  Attempt to read property "ID" on null in C:\Users\ThinKBook\Local Sites\bebesuivi\app\public\wp-content\plugins\depicter\app\src\WordPress\ShortcodesServiceProvider.php on line 48
[01-Dec-2023 13:17:59 UTC] PHP Warning:  Attempt to read property "ID" on null in C:\Users\ThinKBook\Local Sites\bebesuivi\app\public\wp-content\plugins\depicter\app\src\WordPress\ShortcodesServiceProvider.php on line 48
[01-Dec-2023 13:18:00 UTC] PHP Warning:  Attempt to read property "ID" on null in C:\Users\ThinKBook\Local Sites\bebesuivi\app\public\wp-content\plugins\depicter\app\src\WordPress\ShortcodesServiceProvider.php on line 48
[01-Dec-2023 13:18:54 UTC] PHP Warning:  Attempt to read property "ID" on null in C:\Users\ThinKBook\Local Sites\bebesuivi\app\public\wp-content\plugins\depicter\app\src\WordPress\ShortcodesServiceProvider.php on line 48
[01-Dec-2023 13:18:54 UTC] PHP Warning:  Attempt to read property "ID" on null in C:\Users\ThinKBook\Local Sites\bebesuivi\app\public\wp-content\plugins\depicter\app\src\WordPress\ShortcodesServiceProvider.php on line 48
[01-Dec-2023 13:18:57 UTC] PHP Warning:  Attempt to read property "ID" on null in C:\Users\ThinKBook\Local Sites\bebesuivi\app\public\wp-content\plugins\depicter\app\src\WordPress\ShortcodesServiceProvider.php on line 48
[01-Dec-2023 13:18:57 UTC] PHP Warning:  Attempt to read property "ID" on null in C:\Users\ThinKBook\Local Sites\bebesuivi\app\public\wp-content\plugins\depicter\app\src\WordPress\ShortcodesServiceProvider.php on line 48
[01-Dec-2023 13:19:01 UTC] PHP Warning:  Attempt to read property "ID" on null in C:\Users\ThinKBook\Local Sites\bebesuivi\app\public\wp-content\plugins\depicter\app\src\WordPress\ShortcodesServiceProvider.php on line 48
[01-Dec-2023 13:19:01 UTC] PHP Warning:  Attempt to read property "ID" on null in C:\Users\ThinKBook\Local Sites\bebesuivi\app\public\wp-content\plugins\depicter\app\src\WordPress\ShortcodesServiceProvider.php on line 48
[01-Dec-2023 13:19:08 UTC] PHP Warning:  Attempt to read property "ID" on null in C:\Users\ThinKBook\Local Sites\bebesuivi\app\public\wp-content\plugins\depicter\app\src\WordPress\ShortcodesServiceProvider.php on line 48
[01-Dec-2023 13:19:09 UTC] PHP Warning:  Attempt to read property "ID" on null in C:\Users\ThinKBook\Local Sites\bebesuivi\app\public\wp-content\plugins\depicter\app\src\WordPress\ShortcodesServiceProvider.php on line 48
[01-Dec-2023 13:19:13 UTC] PHP Warning:  Attempt to read property "ID" on null in C:\Users\ThinKBook\Local Sites\bebesuivi\app\public\wp-content\plugins\depicter\app\src\WordPress\ShortcodesServiceProvider.php on line 48
[01-Dec-2023 13:19:13 UTC] PHP Warning:  Attempt to read property "ID" on null in C:\Users\ThinKBook\Local Sites\bebesuivi\app\public\wp-content\plugins\depicter\app\src\WordPress\ShortcodesServiceProvider.php on line 48
[01-Dec-2023 13:19:26 UTC] PHP Warning:  Attempt to read property "ID" on null in C:\Users\ThinKBook\Local Sites\bebesuivi\app\public\wp-content\plugins\depicter\app\src\WordPress\ShortcodesServiceProvider.php on line 48
[01-Dec-2023 13:19:26 UTC] PHP Warning:  Attempt to read property "ID" on null in C:\Users\ThinKBook\Local Sites\bebesuivi\app\public\wp-content\plugins\depicter\app\src\WordPress\ShortcodesServiceProvider.php on line 48
[01-Dec-2023 13:19:29 UTC] PHP Warning:  Attempt to read property "ID" on null in C:\Users\ThinKBook\Local Sites\bebesuivi\app\public\wp-content\plugins\depicter\app\src\WordPress\ShortcodesServiceProvider.php on line 48
[01-Dec-2023 13:19:30 UTC] PHP Warning:  Attempt to read property "ID" on null in C:\Users\ThinKBook\Local Sites\bebesuivi\app\public\wp-content\plugins\depicter\app\src\WordPress\ShortcodesServiceProvider.php on line 48
[01-Dec-2023 13:19:39 UTC] PHP Warning:  Attempt to read property "ID" on null in C:\Users\ThinKBook\Local Sites\bebesuivi\app\public\wp-content\plugins\depicter\app\src\WordPress\ShortcodesServiceProvider.php on line 48
[01-Dec-2023 13:19:40 UTC] PHP Warning:  Attempt to read property "ID" on null in C:\Users\ThinKBook\Local Sites\bebesuivi\app\public\wp-content\plugins\depicter\app\src\WordPress\ShortcodesServiceProvider.php on line 48
[01-Dec-2023 13:26:40 UTC] PHP Warning:  Attempt to read property "ID" on null in C:\Users\ThinKBook\Local Sites\bebesuivi\app\public\wp-content\plugins\depicter\app\src\WordPress\ShortcodesServiceProvider.php on line 48
[01-Dec-2023 13:26:40 UTC] PHP Warning:  Attempt to read property "ID" on null in C:\Users\ThinKBook\Local Sites\bebesuivi\app\public\wp-content\plugins\depicter\app\src\WordPress\ShortcodesServiceProvider.php on line 48
[01-Dec-2023 13:26:42 UTC] PHP Warning:  Attempt to read property "ID" on null in C:\Users\ThinKBook\Local Sites\bebesuivi\app\public\wp-content\plugins\depicter\app\src\WordPress\ShortcodesServiceProvider.php on line 48
[01-Dec-2023 13:26:43 UTC] PHP Warning:  Attempt to read property "ID" on null in C:\Users\ThinKBook\Local Sites\bebesuivi\app\public\wp-content\plugins\depicter\app\src\WordPress\ShortcodesServiceProvider.php on line 48
[01-Dec-2023 13:27:18 UTC] PHP Warning:  Attempt to read property "ID" on null in C:\Users\ThinKBook\Local Sites\bebesuivi\app\public\wp-content\plugins\depicter\app\src\WordPress\ShortcodesServiceProvider.php on line 48
[01-Dec-2023 13:27:18 UTC] PHP Warning:  Attempt to read property "ID" on null in C:\Users\ThinKBook\Local Sites\bebesuivi\app\public\wp-content\plugins\depicter\app\src\WordPress\ShortcodesServiceProvider.php on line 48
[01-Dec-2023 13:27:21 UTC] PHP Warning:  Attempt to read property "ID" on null in C:\Users\ThinKBook\Local Sites\bebesuivi\app\public\wp-content\plugins\depicter\app\src\WordPress\ShortcodesServiceProvider.php on line 48
[01-Dec-2023 13:27:22 UTC] PHP Warning:  Attempt to read property "ID" on null in C:\Users\ThinKBook\Local Sites\bebesuivi\app\public\wp-content\plugins\depicter\app\src\WordPress\ShortcodesServiceProvider.php on line 48
[01-Dec-2023 13:27:25 UTC] PHP Warning:  Attempt to read property "ID" on null in C:\Users\ThinKBook\Local Sites\bebesuivi\app\public\wp-content\plugins\depicter\app\src\WordPress\ShortcodesServiceProvider.php on line 48
[01-Dec-2023 13:27:26 UTC] PHP Warning:  Attempt to read property "ID" on null in C:\Users\ThinKBook\Local Sites\bebesuivi\app\public\wp-content\plugins\depicter\app\src\WordPress\ShortcodesServiceProvider.php on line 48
[01-Dec-2023 13:27:32 UTC] PHP Warning:  Attempt to read property "ID" on null in C:\Users\ThinKBook\Local Sites\bebesuivi\app\public\wp-content\plugins\depicter\app\src\WordPress\ShortcodesServiceProvider.php on line 48
[01-Dec-2023 13:27:32 UTC] PHP Warning:  Attempt to read property "ID" on null in C:\Users\ThinKBook\Local Sites\bebesuivi\app\public\wp-content\plugins\depicter\app\src\WordPress\ShortcodesServiceProvider.php on line 48
[01-Dec-2023 13:27:37 UTC] PHP Warning:  Attempt to read property "ID" on null in C:\Users\ThinKBook\Local Sites\bebesuivi\app\public\wp-content\plugins\depicter\app\src\WordPress\ShortcodesServiceProvider.php on line 48
[01-Dec-2023 13:27:37 UTC] PHP Warning:  Attempt to read property "ID" on null in C:\Users\ThinKBook\Local Sites\bebesuivi\app\public\wp-content\plugins\depicter\app\src\WordPress\ShortcodesServiceProvider.php on line 48
[01-Dec-2023 13:27:45 UTC] PHP Warning:  Attempt to read property "ID" on null in C:\Users\ThinKBook\Local Sites\bebesuivi\app\public\wp-content\plugins\depicter\app\src\WordPress\ShortcodesServiceProvider.php on line 48
[01-Dec-2023 13:27:45 UTC] PHP Warning:  Attempt to read property "ID" on null in C:\Users\ThinKBook\Local Sites\bebesuivi\app\public\wp-content\plugins\depicter\app\src\WordPress\ShortcodesServiceProvider.php on line 48
[01-Dec-2023 13:27:51 UTC] PHP Warning:  Attempt to read property "ID" on null in C:\Users\ThinKBook\Local Sites\bebesuivi\app\public\wp-content\plugins\depicter\app\src\WordPress\ShortcodesServiceProvider.php on line 48
[01-Dec-2023 13:27:51 UTC] PHP Warning:  Attempt to read property "ID" on null in C:\Users\ThinKBook\Local Sites\bebesuivi\app\public\wp-content\plugins\depicter\app\src\WordPress\ShortcodesServiceProvider.php on line 48
[01-Dec-2023 13:27:55 UTC] PHP Warning:  Attempt to read property "ID" on null in C:\Users\ThinKBook\Local Sites\bebesuivi\app\public\wp-content\plugins\depicter\app\src\WordPress\ShortcodesServiceProvider.php on line 48
[01-Dec-2023 13:27:56 UTC] PHP Warning:  Attempt to read property "ID" on null in C:\Users\ThinKBook\Local Sites\bebesuivi\app\public\wp-content\plugins\depicter\app\src\WordPress\ShortcodesServiceProvider.php on line 48
[01-Dec-2023 13:28:00 UTC] PHP Warning:  Attempt to read property "ID" on null in C:\Users\ThinKBook\Local Sites\bebesuivi\app\public\wp-content\plugins\depicter\app\src\WordPress\ShortcodesServiceProvider.php on line 48
[01-Dec-2023 13:28:00 UTC] PHP Warning:  Attempt to read property "ID" on null in C:\Users\ThinKBook\Local Sites\bebesuivi\app\public\wp-content\plugins\depicter\app\src\WordPress\ShortcodesServiceProvider.php on line 48
[01-Dec-2023 13:28:11 UTC] PHP Warning:  Attempt to read property "ID" on null in C:\Users\ThinKBook\Local Sites\bebesuivi\app\public\wp-content\plugins\depicter\app\src\WordPress\ShortcodesServiceProvider.php on line 48
[01-Dec-2023 13:28:11 UTC] PHP Warning:  Attempt to read property "ID" on null in C:\Users\ThinKBook\Local Sites\bebesuivi\app\public\wp-content\plugins\depicter\app\src\WordPress\ShortcodesServiceProvider.php on line 48
[01-Dec-2023 13:28:21 UTC] PHP Warning:  Attempt to read property "ID" on null in C:\Users\ThinKBook\Local Sites\bebesuivi\app\public\wp-content\plugins\depicter\app\src\WordPress\ShortcodesServiceProvider.php on line 48
[01-Dec-2023 13:28:22 UTC] PHP Warning:  Attempt to read property "ID" on null in C:\Users\ThinKBook\Local Sites\bebesuivi\app\public\wp-content\plugins\depicter\app\src\WordPress\ShortcodesServiceProvider.php on line 48
[01-Dec-2023 13:28:31 UTC] PHP Warning:  Attempt to read property "ID" on null in C:\Users\ThinKBook\Local Sites\bebesuivi\app\public\wp-content\plugins\depicter\app\src\WordPress\ShortcodesServiceProvider.php on line 48
[01-Dec-2023 13:28:31 UTC] PHP Warning:  Attempt to read property "ID" on null in C:\Users\ThinKBook\Local Sites\bebesuivi\app\public\wp-content\plugins\depicter\app\src\WordPress\ShortcodesServiceProvider.php on line 48
[01-Dec-2023 13:28:42 UTC] PHP Warning:  Attempt to read property "ID" on null in C:\Users\ThinKBook\Local Sites\bebesuivi\app\public\wp-content\plugins\depicter\app\src\WordPress\ShortcodesServiceProvider.php on line 48
[01-Dec-2023 13:28:42 UTC] PHP Warning:  Attempt to read property "ID" on null in C:\Users\ThinKBook\Local Sites\bebesuivi\app\public\wp-content\plugins\depicter\app\src\WordPress\ShortcodesServiceProvider.php on line 48
[01-Dec-2023 13:42:16 UTC] PHP Warning:  Attempt to read property "ID" on null in C:\Users\ThinKBook\Local Sites\bebesuivi\app\public\wp-content\plugins\depicter\app\src\WordPress\ShortcodesServiceProvider.php on line 48
[01-Dec-2023 13:43:46 UTC] PHP Warning:  Attempt to read property "ID" on null in C:\Users\ThinKBook\Local Sites\bebesuivi\app\public\wp-content\plugins\depicter\app\src\WordPress\ShortcodesServiceProvider.php on line 48
[01-Dec-2023 13:44:35 UTC] PHP Warning:  Attempt to read property "ID" on null in C:\Users\ThinKBook\Local Sites\bebesuivi\app\public\wp-content\plugins\depicter\app\src\WordPress\ShortcodesServiceProvider.php on line 48
[01-Dec-2023 13:46:18 UTC] PHP Warning:  Attempt to read property "ID" on null in C:\Users\ThinKBook\Local Sites\bebesuivi\app\public\wp-content\plugins\depicter\app\src\WordPress\ShortcodesServiceProvider.php on line 48
[01-Dec-2023 14:07:10 UTC] PHP Warning:  Attempt to read property "ID" on null in C:\Users\ThinKBook\Local Sites\bebesuivi\app\public\wp-content\plugins\depicter\app\src\WordPress\ShortcodesServiceProvider.php on line 48
